
[ 百姓 Spider ] is started...

  * PHPSpider Version: 2.1.4
  * Documentation: https://doc.phpspider.org
  * Task Number: 1

Input "php baixing.php stop" to quit. Start success.

2018-07-31 13:41:48 [debug] Find scan page: http://beijing.baixing.com/
2018-07-31 13:41:48 [debug] Success download page http://beijing.baixing.com/ in 0.099 s
2018-07-31 13:41:48 [debug] Success process page http://beijing.baixing.com/ in 0.125 s

[ 百姓 Spider ] is started...

  * PHPSpider Version: 2.1.4
  * Documentation: https://doc.phpspider.org
  * Task Number: 1

Input "php baixing.php stop" to quit. Start success.

2018-07-31 13:43:02 [debug] Find scan page: http://beijing.baixing.com/
2018-07-31 13:43:02 [debug] Success download page http://beijing.baixing.com/ in 0.127 s
2018-07-31 13:43:02 [debug] Success process page http://beijing.baixing.com/ in 0.151 s

[ 百姓 Spider ] is started...

  * PHPSpider Version: 2.1.4
  * Documentation: https://doc.phpspider.org
  * Task Number: 1

Input "php baixing.php stop" to quit. Start success.

2018-07-31 13:56:28 [debug] Find scan page: http://beijing.baixing.com/
2018-07-31 13:56:28 [debug] Success download page http://beijing.baixing.com/ in 0.103 s
2018-07-31 13:56:28 [debug] Success process page http://beijing.baixing.com/ in 0.128 s

[ 百姓 Spider ] is started...

  * PHPSpider Version: 2.1.4
  * Documentation: https://doc.phpspider.org
  * Task Number: 1

Input "php baixing.php stop" to quit. Start success.

2018-07-31 13:56:33 [debug] Find scan page: http://beijing.baixing.com/
2018-07-31 13:56:33 [debug] Success download page http://beijing.baixing.com/ in 0.095 s
2018-07-31 13:56:33 [debug] Success process page http://beijing.baixing.com/ in 0.119 s

[ 百姓 Spider ] is started...

  * PHPSpider Version: 2.1.4
  * Documentation: https://doc.phpspider.org
  * Task Number: 1

Input "php baixing.php stop" to quit. Start success.

2018-07-31 13:56:34 [debug] Find scan page: http://beijing.baixing.com/
2018-07-31 13:56:34 [debug] Success download page http://beijing.baixing.com/ in 0.09 s
2018-07-31 13:56:34 [debug] Success process page http://beijing.baixing.com/ in 0.115 s

[ 百姓 Spider ] is started...

  * PHPSpider Version: 2.1.4
  * Documentation: https://doc.phpspider.org
  * Task Number: 1

Input "php baixing.php stop" to quit. Start success.

2018-07-31 13:56:34 [debug] Find scan page: http://beijing.baixing.com/
2018-07-31 13:56:34 [debug] Success download page http://beijing.baixing.com/ in 0.095 s
2018-07-31 13:56:34 [debug] Success process page http://beijing.baixing.com/ in 0.121 s

[ 百姓 Spider ] is started...

  * PHPSpider Version: 2.1.4
  * Documentation: https://doc.phpspider.org
  * Task Number: 1

Input "php baixing.php stop" to quit. Start success.

2018-07-31 13:56:35 [debug] Find scan page: http://beijing.baixing.com/
2018-07-31 13:56:35 [debug] Success download page http://beijing.baixing.com/ in 0.095 s
2018-07-31 13:56:35 [debug] Success process page http://beijing.baixing.com/ in 0.12 s

[ 百姓 Spider ] is started...

  * PHPSpider Version: 2.1.4
  * Documentation: https://doc.phpspider.org
  * Task Number: 1

Input "php baixing.php stop" to quit. Start success.

2018-07-31 13:56:35 [debug] Find scan page: http://beijing.baixing.com/
2018-07-31 13:56:35 [debug] Success download page http://beijing.baixing.com/ in 0.112 s
2018-07-31 13:56:35 [debug] Success process page http://beijing.baixing.com/ in 0.139 s

[ 百姓 Spider ] is started...

  * PHPSpider Version: 2.1.4
  * Documentation: https://doc.phpspider.org
  * Task Number: 1

Input "php baixing.php stop" to quit. Start success.

2018-07-31 13:56:35 [debug] Find scan page: http://beijing.baixing.com/
2018-07-31 13:56:35 [debug] Success download page http://beijing.baixing.com/ in 0.131 s
2018-07-31 13:56:35 [debug] Success process page http://beijing.baixing.com/ in 0.155 s

[ 百姓 Spider ] is started...

  * PHPSpider Version: 2.1.4
  * Documentation: https://doc.phpspider.org
  * Task Number: 1

Input "php baixing.php stop" to quit. Start success.

2018-07-31 13:56:36 [debug] Find scan page: http://beijing.baixing.com/
2018-07-31 13:56:36 [debug] Success download page http://beijing.baixing.com/ in 0.117 s
2018-07-31 13:56:36 [debug] Success process page http://beijing.baixing.com/ in 0.141 s

[ 百姓 Spider ] is started...

  * PHPSpider Version: 2.1.4
  * Documentation: https://doc.phpspider.org
  * Task Number: 1

Input "php baixing.php stop" to quit. Start success.

2018-07-31 13:56:36 [debug] Find scan page: http://beijing.baixing.com/
2018-07-31 13:56:36 [debug] Success download page http://beijing.baixing.com/ in 0.072 s
2018-07-31 13:56:36 [debug] Success process page http://beijing.baixing.com/ in 0.096 s

[ 百姓 Spider ] is started...

  * PHPSpider Version: 2.1.4
  * Documentation: https://doc.phpspider.org
  * Task Number: 1

Input "php baixing.php stop" to quit. Start success.

2018-07-31 13:56:37 [debug] Find scan page: http://beijing.baixing.com/
2018-07-31 13:56:37 [debug] Success download page http://beijing.baixing.com/ in 0.059 s
2018-07-31 13:56:37 [debug] Success process page http://beijing.baixing.com/ in 0.084 s

[ 百姓 Spider ] is started...

  * PHPSpider Version: 2.1.4
  * Documentation: https://doc.phpspider.org
  * Task Number: 1

Input "php baixing.php stop" to quit. Start success.

2018-07-31 13:56:38 [debug] Find scan page: http://beijing.baixing.com/
2018-07-31 13:56:38 [debug] Success download page http://beijing.baixing.com/ in 0.117 s
2018-07-31 13:56:38 [debug] Success process page http://beijing.baixing.com/ in 0.14 s

[ 百姓 Spider ] is started...

  * PHPSpider Version: 2.1.4
  * Documentation: https://doc.phpspider.org
  * Task Number: 1

Input "php baixing.php stop" to quit. Start success.

2018-07-31 13:57:37 [debug] Find scan page: http://beijing.baixing.com/
2018-07-31 13:57:37 [debug] Success download page http://beijing.baixing.com/ in 0.186 s
2018-07-31 13:57:37 [debug] Success process page http://beijing.baixing.com/ in 0.213 s
